<?xml version="1.0" encoding="UTF-8"?>
<!-- Generated by org.testng.reporters.JUnitXMLReporter -->
<testsuite ignored="5" hostname="DESKTOP-9F6LN2L" failures="0" tests="1" name="Default test" time="16.603" errors="0" timestamp="2024-12-19T18:04:02 IST">
  <testcase classname="com.kovaion.testcases.Login" name="verify_login_with_valid_credentials" time="6.034"/>
  <testcase classname="com.kovaion.testcases.Login" name="Verify_login_with_validEmail_and_Invalid_password" time="0.0">
    <ignored/>
  </testcase> <!-- Verify_login_with_validEmail_and_Invalid_password -->
  <testcase classname="com.kovaion.testcases.Login" name="Verify_login_with_validEmail_and_password_with_whitespaces" time="0.0">
    <ignored/>
  </testcase> <!-- Verify_login_with_validEmail_and_password_with_whitespaces -->
  <testcase classname="com.kovaion.testcases.Login" name="Verify_login_by_empty_email" time="0.0">
    <ignored/>
  </testcase> <!-- Verify_login_by_empty_email -->
  <testcase classname="com.kovaion.testcases.Login" name="Verify_login_with_InvalidEmail" time="0.0">
    <ignored/>
  </testcase> <!-- Verify_login_with_InvalidEmail -->
  <testcase classname="com.kovaion.testcases.Login" name="Verify_login_with_mobile_number" time="0.0">
    <ignored/>
  </testcase> <!-- Verify_login_with_mobile_number -->
</testsuite> <!-- Default test -->
