<?xml version="1.0" encoding="UTF-8"?>
<!-- Generated by org.testng.reporters.JUnitXMLReporter -->
<testsuite ignored="0" hostname="DESKTOP-9F6LN2L" failures="0" tests="6" name="Login Test cases" time="99.103" errors="0" timestamp="2024-12-19T18:16:04 IST">
  <testcase classname="com.kovaion.testcases.Login" name="verify_login_with_valid_credentials" time="3.852"/>
  <testcase classname="com.kovaion.testcases.Login" name="Verify_login_with_InvalidEmail" time="3.314"/>
  <testcase classname="com.kovaion.testcases.Login" name="Verify_login_with_validEmail_and_Invalid_password" time="5.438"/>
  <testcase classname="com.kovaion.testcases.Login" name="Verify_login_with_validEmail_and_password_with_whitespaces" time="2.88"/>
  <testcase classname="com.kovaion.testcases.Login" name="Verify_login_with_mobile_number" time="3.2"/>
  <testcase classname="com.kovaion.testcases.Login" name="Verify_login_by_empty_email" time="0.794"/>
</testsuite> <!-- Login Test cases -->
