<?xml version="1.0" encoding="UTF-8"?>
<testng-results ignored="0" total="6" passed="6" failed="0" skipped="0">
  <reporter-output>
  </reporter-output>
  <suite started-at="2024-12-19T18:14:25 IST" name="Kovaion Automation Login Suiite" finished-at="2024-12-19T18:16:04 IST" duration-ms="99103">
    <groups>
    </groups>
    <test started-at="2024-12-19T18:14:25 IST" name="Login Test cases" finished-at="2024-12-19T18:16:04 IST" duration-ms="99103">
      <class name="com.kovaion.testcases.Login">
        <test-method is-config="true" signature="Starting()[pri:0, instance:com.kovaion.testcases.Login@2f4948e4]" started-at="2024-12-19T18:14:25 IST" name="Starting" finished-at="2024-12-19T18:14:45 IST" duration-ms="20170" status="PASS">
          <reporter-output>
          </reporter-output>
        </test-method> <!-- Starting -->
        <test-method signature="verify_login_with_valid_credentials()[pri:1, instance:com.kovaion.testcases.Login@2f4948e4]" started-at="2024-12-19T18:14:45 IST" name="verify_login_with_valid_credentials" finished-at="2024-12-19T18:14:49 IST" duration-ms="3852" status="PASS">
          <reporter-output>
          </reporter-output>
        </test-method> <!-- verify_login_with_valid_credentials -->
        <test-method is-config="true" signature="TearDown()[pri:0, instance:com.kovaion.testcases.Login@2f4948e4]" started-at="2024-12-19T18:14:49 IST" name="TearDown" finished-at="2024-12-19T18:14:49 IST" duration-ms="409" status="PASS">
          <reporter-output>
          </reporter-output>
        </test-method> <!-- TearDown -->
        <test-method is-config="true" signature="Starting()[pri:0, instance:com.kovaion.testcases.Login@2f4948e4]" started-at="2024-12-19T18:14:49 IST" name="Starting" finished-at="2024-12-19T18:14:57 IST" duration-ms="8367" status="PASS">
          <reporter-output>
          </reporter-output>
        </test-method> <!-- Starting -->
        <test-method signature="Verify_login_with_InvalidEmail()[pri:2, instance:com.kovaion.testcases.Login@2f4948e4]" started-at="2024-12-19T18:14:57 IST" name="Verify_login_with_InvalidEmail" finished-at="2024-12-19T18:15:01 IST" duration-ms="3314" status="PASS">
          <reporter-output>
          </reporter-output>
        </test-method> <!-- Verify_login_with_InvalidEmail -->
        <test-method is-config="true" signature="TearDown()[pri:0, instance:com.kovaion.testcases.Login@2f4948e4]" started-at="2024-12-19T18:15:01 IST" name="TearDown" finished-at="2024-12-19T18:15:01 IST" duration-ms="320" status="PASS">
          <reporter-output>
          </reporter-output>
        </test-method> <!-- TearDown -->
        <test-method is-config="true" signature="Starting()[pri:0, instance:com.kovaion.testcases.Login@2f4948e4]" started-at="2024-12-19T18:15:01 IST" name="Starting" finished-at="2024-12-19T18:15:14 IST" duration-ms="13292" status="PASS">
          <reporter-output>
          </reporter-output>
        </test-method> <!-- Starting -->
        <test-method signature="Verify_login_with_validEmail_and_Invalid_password()[pri:3, instance:com.kovaion.testcases.Login@2f4948e4]" started-at="2024-12-19T18:15:14 IST" name="Verify_login_with_validEmail_and_Invalid_password" finished-at="2024-12-19T18:15:20 IST" duration-ms="5438" status="PASS">
          <reporter-output>
          </reporter-output>
        </test-method> <!-- Verify_login_with_validEmail_and_Invalid_password -->
        <test-method is-config="true" signature="TearDown()[pri:0, instance:com.kovaion.testcases.Login@2f4948e4]" started-at="2024-12-19T18:15:20 IST" name="TearDown" finished-at="2024-12-19T18:15:20 IST" duration-ms="274" status="PASS">
          <reporter-output>
          </reporter-output>
        </test-method> <!-- TearDown -->
        <test-method is-config="true" signature="Starting()[pri:0, instance:com.kovaion.testcases.Login@2f4948e4]" started-at="2024-12-19T18:15:20 IST" name="Starting" finished-at="2024-12-19T18:15:34 IST" duration-ms="13671" status="PASS">
          <reporter-output>
          </reporter-output>
        </test-method> <!-- Starting -->
        <test-method signature="Verify_login_with_validEmail_and_password_with_whitespaces()[pri:3, instance:com.kovaion.testcases.Login@2f4948e4]" started-at="2024-12-19T18:15:34 IST" name="Verify_login_with_validEmail_and_password_with_whitespaces" finished-at="2024-12-19T18:15:37 IST" duration-ms="2880" status="PASS">
          <reporter-output>
          </reporter-output>
        </test-method> <!-- Verify_login_with_validEmail_and_password_with_whitespaces -->
        <test-method is-config="true" signature="TearDown()[pri:0, instance:com.kovaion.testcases.Login@2f4948e4]" started-at="2024-12-19T18:15:37 IST" name="TearDown" finished-at="2024-12-19T18:15:37 IST" duration-ms="307" status="PASS">
          <reporter-output>
          </reporter-output>
        </test-method> <!-- TearDown -->
        <test-method is-config="true" signature="Starting()[pri:0, instance:com.kovaion.testcases.Login@2f4948e4]" started-at="2024-12-19T18:15:37 IST" name="Starting" finished-at="2024-12-19T18:15:45 IST" duration-ms="8271" status="PASS">
          <reporter-output>
          </reporter-output>
        </test-method> <!-- Starting -->
        <test-method signature="Verify_login_with_mobile_number()[pri:4, instance:com.kovaion.testcases.Login@2f4948e4]" started-at="2024-12-19T18:15:45 IST" name="Verify_login_with_mobile_number" finished-at="2024-12-19T18:15:48 IST" duration-ms="3200" status="PASS">
          <reporter-output>
          </reporter-output>
        </test-method> <!-- Verify_login_with_mobile_number -->
        <test-method is-config="true" signature="TearDown()[pri:0, instance:com.kovaion.testcases.Login@2f4948e4]" started-at="2024-12-19T18:15:48 IST" name="TearDown" finished-at="2024-12-19T18:15:49 IST" duration-ms="274" status="PASS">
          <reporter-output>
          </reporter-output>
        </test-method> <!-- TearDown -->
        <test-method is-config="true" signature="Starting()[pri:0, instance:com.kovaion.testcases.Login@2f4948e4]" started-at="2024-12-19T18:15:49 IST" name="Starting" finished-at="2024-12-19T18:16:02 IST" duration-ms="12993" status="PASS">
          <reporter-output>
          </reporter-output>
        </test-method> <!-- Starting -->
        <test-method signature="Verify_login_by_empty_email()[pri:5, instance:com.kovaion.testcases.Login@2f4948e4]" started-at="2024-12-19T18:16:02 IST" name="Verify_login_by_empty_email" finished-at="2024-12-19T18:16:02 IST" duration-ms="794" status="PASS">
          <reporter-output>
          </reporter-output>
        </test-method> <!-- Verify_login_by_empty_email -->
        <test-method is-config="true" signature="TearDown()[pri:0, instance:com.kovaion.testcases.Login@2f4948e4]" started-at="2024-12-19T18:16:02 IST" name="TearDown" finished-at="2024-12-19T18:16:04 IST" duration-ms="1102" status="PASS">
          <reporter-output>
          </reporter-output>
        </test-method> <!-- TearDown -->
      </class> <!-- com.kovaion.testcases.Login -->
    </test> <!-- Login Test cases -->
  </suite> <!-- Kovaion Automation Login Suiite -->
</testng-results>
